INFO:sqlalchemy.engine.Engine:BEGIN (implicit)
INFO:sqlalchemy.engine.Engine:PRAGMA main.table_info("roles")
INFO:sqlalchemy.engine.Engine:[raw sql] ()
INFO:sqlalchemy.engine.Engine:PRAGMA main.table_info("apptasks")
INFO:sqlalchemy.engine.Engine:[raw sql] ()
INFO:sqlalchemy.engine.Engine:PRAGMA main.table_info("users")
INFO:sqlalchemy.engine.Engine:[raw sql] ()
INFO:sqlalchemy.engine.Engine:PRAGMA main.table_info("grants")
INFO:sqlalchemy.engine.Engine:[raw sql] ()
INFO:sqlalchemy.engine.Engine:COMMIT
INFO:sqlalchemy.engine.Engine:BEGIN (implicit)
INFO:sqlalchemy.engine.Engine:PRAGMA main.table_xinfo("user_over_role")
INFO:sqlalchemy.engine.Engine:[raw sql] ()
INFO:sqlalchemy.engine.Engine:SELECT sql FROM  (SELECT * FROM sqlite_master UNION ALL   SELECT * FROM sqlite_temp_master) WHERE name = ? AND type in ('table', 'view')
INFO:sqlalchemy.engine.Engine:[raw sql] ('user_over_role',)
INFO:sqlalchemy.engine.Engine:PRAGMA main.foreign_key_list("user_over_role")
INFO:sqlalchemy.engine.Engine:[raw sql] ()
INFO:sqlalchemy.engine.Engine:PRAGMA temp.foreign_key_list("user_over_role")
INFO:sqlalchemy.engine.Engine:[raw sql] ()
INFO:sqlalchemy.engine.Engine:SELECT sql FROM  (SELECT * FROM sqlite_master UNION ALL   SELECT * FROM sqlite_temp_master) WHERE name = ? AND type in ('table', 'view')
INFO:sqlalchemy.engine.Engine:[raw sql] ('user_over_role',)
INFO:sqlalchemy.engine.Engine:PRAGMA main.index_list("user_over_role")
INFO:sqlalchemy.engine.Engine:[raw sql] ()
INFO:sqlalchemy.engine.Engine:PRAGMA temp.index_list("user_over_role")
INFO:sqlalchemy.engine.Engine:[raw sql] ()
INFO:sqlalchemy.engine.Engine:PRAGMA main.table_info("user_over_role")
INFO:sqlalchemy.engine.Engine:[raw sql] ()
INFO:sqlalchemy.engine.Engine:PRAGMA main.index_list("user_over_role")
INFO:sqlalchemy.engine.Engine:[raw sql] ()
INFO:sqlalchemy.engine.Engine:PRAGMA temp.index_list("user_over_role")
INFO:sqlalchemy.engine.Engine:[raw sql] ()
INFO:sqlalchemy.engine.Engine:PRAGMA main.table_info("user_over_role")
INFO:sqlalchemy.engine.Engine:[raw sql] ()
INFO:sqlalchemy.engine.Engine:SELECT sql FROM  (SELECT * FROM sqlite_master UNION ALL   SELECT * FROM sqlite_temp_master) WHERE name = ? AND type in ('table', 'view')
INFO:sqlalchemy.engine.Engine:[raw sql] ('user_over_role',)
INFO:sqlalchemy.engine.Engine:PRAGMA main.table_xinfo("users_over_tasks_view")
INFO:sqlalchemy.engine.Engine:[raw sql] ()
INFO:sqlalchemy.engine.Engine:SELECT sql FROM  (SELECT * FROM sqlite_master UNION ALL   SELECT * FROM sqlite_temp_master) WHERE name = ? AND type in ('table', 'view')
INFO:sqlalchemy.engine.Engine:[raw sql] ('users_over_tasks_view',)
INFO:sqlalchemy.engine.Engine:PRAGMA main.foreign_key_list("users_over_tasks_view")
INFO:sqlalchemy.engine.Engine:[raw sql] ()
INFO:sqlalchemy.engine.Engine:PRAGMA temp.foreign_key_list("users_over_tasks_view")
INFO:sqlalchemy.engine.Engine:[raw sql] ()
INFO:sqlalchemy.engine.Engine:SELECT sql FROM  (SELECT * FROM sqlite_master UNION ALL   SELECT * FROM sqlite_temp_master) WHERE name = ? AND type in ('table', 'view')
INFO:sqlalchemy.engine.Engine:[raw sql] ('users_over_tasks_view',)
INFO:sqlalchemy.engine.Engine:PRAGMA main.index_list("users_over_tasks_view")
INFO:sqlalchemy.engine.Engine:[raw sql] ()
INFO:sqlalchemy.engine.Engine:PRAGMA temp.index_list("users_over_tasks_view")
INFO:sqlalchemy.engine.Engine:[raw sql] ()
INFO:sqlalchemy.engine.Engine:PRAGMA main.table_info("users_over_tasks_view")
INFO:sqlalchemy.engine.Engine:[raw sql] ()
INFO:sqlalchemy.engine.Engine:PRAGMA main.index_list("users_over_tasks_view")
INFO:sqlalchemy.engine.Engine:[raw sql] ()
INFO:sqlalchemy.engine.Engine:PRAGMA temp.index_list("users_over_tasks_view")
INFO:sqlalchemy.engine.Engine:[raw sql] ()
INFO:sqlalchemy.engine.Engine:PRAGMA main.table_info("users_over_tasks_view")
INFO:sqlalchemy.engine.Engine:[raw sql] ()
INFO:sqlalchemy.engine.Engine:SELECT sql FROM  (SELECT * FROM sqlite_master UNION ALL   SELECT * FROM sqlite_temp_master) WHERE name = ? AND type in ('table', 'view')
INFO:sqlalchemy.engine.Engine:[raw sql] ('users_over_tasks_view',)
INFO:sqlalchemy.engine.Engine:COMMIT
INFO:sqlalchemy.engine.Engine:BEGIN (implicit)
INFO:sqlalchemy.engine.Engine:SELECT apptasks.id, apptasks.name, apptasks.active 
FROM apptasks 
WHERE apptasks.name = ?
INFO:sqlalchemy.engine.Engine:[generated in 0.00011s] ('stat',)
INFO:sqlalchemy.engine.Engine:COMMIT
INFO:sqlalchemy.engine.Engine:BEGIN (implicit)
INFO:sqlalchemy.engine.Engine:SELECT users.id, users.teleg_id, users.username, users.mail, users.role_id 
FROM users 
WHERE users.username = ?
INFO:sqlalchemy.engine.Engine:[generated in 0.00010s] ('Swaggle Sword',)
INFO:sqlalchemy.engine.Engine:COMMIT
INFO:sqlalchemy.engine.Engine:BEGIN (implicit)
INFO:sqlalchemy.engine.Engine:INSERT INTO grants (user_id, task_id) VALUES (?, ?)
INFO:sqlalchemy.engine.Engine:[generated in 0.00009s] (4, 2)
INFO:sqlalchemy.engine.Engine:ROLLBACK
INFO:root:Лажа
